[INFO] Scanning for projects...
[INFO] 
[INFO] ----------------------< com.aiart:aiart-platform >----------------------
[INFO] Building aiart-platform 0.1.0-SNAPSHOT
[INFO]   from pom.xml
[INFO] --------------------------------[ jar ]---------------------------------
[INFO] 
[INFO] >>> spring-boot:3.2.3:run (default-cli) > test-compile @ aiart-platform >>>
[INFO] 
[INFO] --- resources:3.3.1:resources (default-resources) @ aiart-platform ---
[INFO] Copying 1 resource from src\main\resources to target\classes
[INFO] Copying 0 resource from src\main\resources to target\classes
[INFO] 
[INFO] --- compiler:3.11.0:compile (default-compile) @ aiart-platform ---
[INFO] Nothing to compile - all classes are up to date
[INFO] 
[INFO] --- resources:3.3.1:testResources (default-testResources) @ aiart-platform ---
[INFO] skip non existing resourceDirectory D:\Type_working_document\Document_University_paper_website_sofeware\aiart_codex\backend\src\test\resources
[INFO] 
[INFO] --- compiler:3.11.0:testCompile (default-testCompile) @ aiart-platform ---
[INFO] No sources to compile
[INFO] 
[INFO] <<< spring-boot:3.2.3:run (default-cli) < test-compile @ aiart-platform <<<
[INFO] 
[INFO] 
[INFO] --- spring-boot:3.2.3:run (default-cli) @ aiart-platform ---
[INFO] Attaching agents: []

  .   ____          _            __ _ _
 /\\ / ___'_ __ _ _(_)_ __  __ _ \ \ \ \
( ( )\___ | '_ | '_| | '_ \/ _` | \ \ \ \
 \\/  ___)| |_)| | | | | || (_| |  ) ) ) )
  '  |____| .__|_| |_|_| |_\__, | / / / /
 =========|_|==============|___/=/_/_/_/
 :: Spring Boot ::                (v3.2.3)

2026-07-07T20:40:33.113+08:00  INFO 13308 --- [aiart-platform] [           main] c.a.platform.AiArtPlatformApplication    : Starting AiArtPlatformApplication using Java 17.0.12 with PID 13308 (D:\Type_working_document\Document_University_paper_website_sofeware\aiart_codex\backend\target\classes started by Ws in D:\Type_working_document\Document_University_paper_website_sofeware\aiart_codex\backend)
2026-07-07T20:40:33.116+08:00  INFO 13308 --- [aiart-platform] [           main] c.a.platform.AiArtPlatformApplication    : No active profile set, falling back to 1 default profile: "default"
2026-07-07T20:40:33.919+08:00  INFO 13308 --- [aiart-platform] [           main] .s.d.r.c.RepositoryConfigurationDelegate : Multiple Spring Data modules found, entering strict repository configuration mode
2026-07-07T20:40:33.922+08:00  INFO 13308 --- [aiart-platform] [           main] .s.d.r.c.RepositoryConfigurationDelegate : Bootstrapping Spring Data Redis repositories in DEFAULT mode.
2026-07-07T20:40:33.958+08:00  INFO 13308 --- [aiart-platform] [           main] .s.d.r.c.RepositoryConfigurationDelegate : Finished Spring Data repository scanning in 22 ms. Found 0 Redis repository interfaces.
2026-07-07T20:40:34.674+08:00  INFO 13308 --- [aiart-platform] [           main] o.s.b.w.embedded.tomcat.TomcatWebServer  : Tomcat initialized with port 8080 (http)
2026-07-07T20:40:34.688+08:00  INFO 13308 --- [aiart-platform] [           main] o.apache.catalina.core.StandardService   : Starting service [Tomcat]
2026-07-07T20:40:34.688+08:00  INFO 13308 --- [aiart-platform] [           main] o.apache.catalina.core.StandardEngine    : Starting Servlet engine: [Apache Tomcat/10.1.19]
2026-07-07T20:40:34.790+08:00  INFO 13308 --- [aiart-platform] [           main] o.a.c.c.C.[Tomcat].[localhost].[/]       : Initializing Spring embedded WebApplicationContext
2026-07-07T20:40:34.792+08:00  INFO 13308 --- [aiart-platform] [           main] w.s.c.ServletWebServerApplicationContext : Root WebApplicationContext: initialization completed in 1631 ms
 _ _   |_  _ _|_. ___ _ |    _ 
| | |\/|_)(_| | |_\  |_)||_|_\ 
     /               |         
                        3.5.7 
2026-07-07T20:40:35.830+08:00  WARN 13308 --- [aiart-platform] [           main] .s.s.UserDetailsServiceAutoConfiguration : 

Using generated security password: 5077fc03-ab0b-439b-907d-d5d9f68fc2eb

This generated password is for development use only. Your security configuration must be updated before running your application in production.

2026-07-07T20:40:36.171+08:00  INFO 13308 --- [aiart-platform] [           main] o.s.s.web.DefaultSecurityFilterChain     : Will secure any request with [org.springframework.security.web.session.DisableEncodeUrlFilter@46b6701e, org.springframework.security.web.context.request.async.WebAsyncManagerIntegrationFilter@3686389, org.springframework.security.web.context.SecurityContextHolderFilter@352f6727, org.springframework.security.web.header.HeaderWriterFilter@30fbc23, org.springframework.web.filter.CorsFilter@71e2c6d8, org.springframework.security.web.authentication.logout.LogoutFilter@5da57a64, com.aiart.platform.security.JwtAuthenticationFilter@47b269c4, org.springframework.security.web.savedrequest.RequestCacheAwareFilter@10dfa7ef, org.springframework.security.web.servletapi.SecurityContextHolderAwareRequestFilter@4fd80300, org.springframework.security.web.authentication.AnonymousAuthenticationFilter@4228f269, org.springframework.security.web.session.SessionManagementFilter@7bec8cb0, org.springframework.security.web.access.ExceptionTranslationFilter@49cb5030, org.springframework.security.web.access.intercept.AuthorizationFilter@9d99851]
2026-07-07T20:40:37.476+08:00  INFO 13308 --- [aiart-platform] [           main] o.s.b.w.embedded.tomcat.TomcatWebServer  : Tomcat started on port 8080 (http) with context path ''
2026-07-07T20:40:37.493+08:00  INFO 13308 --- [aiart-platform] [           main] c.a.platform.AiArtPlatformApplication    : Started AiArtPlatformApplication in 4.77 seconds (process running for 5.099)
2026-07-07T20:41:21.644+08:00  INFO 13308 --- [aiart-platform] [nio-8080-exec-1] o.a.c.c.C.[Tomcat].[localhost].[/]       : Initializing Spring DispatcherServlet 'dispatcherServlet'
2026-07-07T20:41:21.645+08:00  INFO 13308 --- [aiart-platform] [nio-8080-exec-1] o.s.web.servlet.DispatcherServlet        : Initializing Servlet 'dispatcherServlet'
2026-07-07T20:41:21.647+08:00  INFO 13308 --- [aiart-platform] [nio-8080-exec-1] o.s.web.servlet.DispatcherServlet        : Completed initialization in 2 ms
2026-07-07T20:41:22.017+08:00  INFO 13308 --- [aiart-platform] [nio-8080-exec-1] com.zaxxer.hikari.HikariDataSource       : HikariPool-1 - Starting...
2026-07-07T20:41:22.205+08:00  INFO 13308 --- [aiart-platform] [nio-8080-exec-1] com.zaxxer.hikari.pool.HikariPool        : HikariPool-1 - Added connection com.mysql.cj.jdbc.ConnectionImpl@12c2a907
2026-07-07T20:41:22.207+08:00  INFO 13308 --- [aiart-platform] [nio-8080-exec-1] com.zaxxer.hikari.HikariDataSource       : HikariPool-1 - Start completed.
